#
# A fatal error has been detected by the Java Runtime Environment:
#
#  EXCEPTION_ACCESS_VIOLATION (0xc0000005) at pc=0x00000000738f80db, pid=6956, tid=4324
#
# JRE version: 7.0_03-b05
# Java VM: Java HotSpot(TM) 64-Bit Server VM (22.1-b02 interpreted mode windows-amd64 compressed oops)
# Problematic frame:
# C  [WebPaneJava.dll+0x2f80db]
#
# Failed to write core dump. Minidumps are not enabled by default on client versions of Windows
#
# If you would like to submit a bug report, please visit:
#   http://bugreport.sun.com/bugreport/crash.jsp
# The crash happened outside the Java Virtual Machine in native code.
# See problematic frame for where to report the bug.
#

---------------  T H R E A D  ---------------

Current thread (0x000000000612e000):  JavaThread "JavaFX Application Thread" [_thread_in_native, id=4324, stack(0x0000000007530000,0x0000000007630000)]

siginfo: ExceptionCode=0xc0000005, reading address 0x0000000000000110

Registers:
RAX=0x0000000000000000, RBX=0x0000000007978e70, RCX=0x0000000000000000, RDX=0x0000000007978e70
RSP=0x000000000762dab0, RBP=0x00000000000001fe, RSI=0x0000000000000000, RDI=0x000000000762dbc8
R8 =0x0000000000010002, R9 =0x0000000000000005, R10=0x000000000000000c, R11=0x0000000006070d48
R12=0x00000000000006d6, R13=0x000000000000000c, R14=0x00000000000001fe, R15=0x000000000762dd70
RIP=0x00000000738f80db, EFLAGS=0x0000000000010206

Top of Stack: (sp=0x000000000762dab0)
0x000000000762dab0:   000000000612e000 000000007457d0b3
0x000000000762dac0:   000000000612e000 0000000000000000
0x000000000762dad0:   fffffffffffffffe fffffffffffffffe
0x000000000762dae0:   000000000612e1d0 00000000738f8583
0x000000000762daf0:   000000000762dbc8 0000000000000000
0x000000000762db00:   0000000000000000 0000000002326038
0x000000000762db10:   4028000002326330 0000000002326213
0x000000000762db20:   0000000000000000 0000000002326038
0x000000000762db30:   00000000023266e6 0000000702326038
0x000000000762db40:   fffffffffffffffe 000000000000027e
0x000000000762db50:   000001fe0000000c 00000000023261b4
0x000000000762db60:   0000000000000000 0000000000000000
0x000000000762db70:   000000000762de08 000000000781a0d0
0x000000000762db80:   000000000762de08 0000000007978e70
0x000000000762db90:   0000000007807510 000000000762dcd9
0x000000000762dba0:   00000000000000a8 000000007390e2be 

Instructions: (pc=0x00000000738f80db)
0x00000000738f80bb:   c7 44 24 28 fe ff ff ff 48 89 74 24 48 48 8b f9
0x00000000738f80cb:   c7 44 24 50 00 00 00 00 48 8b ca e8 55 32 02 00
0x00000000738f80db:   48 8b 90 10 01 00 00 48 8b 42 20 48 8b 10 48 8b
0x00000000738f80eb:   4a 10 48 8d 54 24 58 e8 69 fe ff ff 90 48 8b 0d 


Register to memory mapping:

RAX=0x0000000000000000 is an unknown value
RBX=0x0000000007978e70 is an unknown value
RCX=0x0000000000000000 is an unknown value
RDX=0x0000000007978e70 is an unknown value
RSP=0x000000000762dab0 is pointing into the stack for thread: 0x000000000612e000
RBP=0x00000000000001fe is an unknown value
RSI=0x0000000000000000 is an unknown value
RDI=0x000000000762dbc8 is pointing into the stack for thread: 0x000000000612e000
R8 =0x0000000000010002 is an unknown value
R9 =0x0000000000000005 is an unknown value
R10=0x000000000000000c is an unknown value
R11=0x0000000006070d48 is an unknown value
R12=0x00000000000006d6 is an unknown value
R13=0x000000000000000c is an unknown value
R14=0x00000000000001fe is an unknown value
R15=0x000000000762dd70 is pointing into the stack for thread: 0x000000000612e000


Stack: [0x0000000007530000,0x0000000007630000],  sp=0x000000000762dab0,  free space=1014k
Native frames: (J=compiled Java code, j=interpreted, Vv=VM code, C=native code)
C  [WebPaneJava.dll+0x2f80db]  Java_com_sun_webpane_platform_PopupMenu_twkPopupClosed+0xc9b

Java frames: (J=compiled Java code, j=interpreted, Vv=VM code)
j  com.sun.webpane.platform.WebPage.twkProcessMouseEvent(JIIIIIIIZZZZZF)Z+0
j  com.sun.webpane.platform.WebPage.dispatchMouseEvent(Lcom/sun/webpane/platform/event/WCMouseEvent;)Z+134
j  javafx.scene.web.WebView.processMouseEvent(Ljavafx/scene/input/MouseEvent;)V+121
j  javafx.scene.web.WebView.access$300(Ljavafx/scene/web/WebView;Ljavafx/scene/input/MouseEvent;)V+2
j  javafx.scene.web.WebView$11.handle(Ljavafx/scene/input/MouseEvent;)V+5
j  javafx.scene.web.WebView$11.handle(Ljavafx/event/Event;)V+5
j  com.sun.javafx.event.CompositeEventHandler.dispatchBubblingEvent(Ljavafx/event/Event;)V+35
j  com.sun.javafx.event.EventHandlerManager.dispatchBubblingEvent(Ljavafx/event/EventType;Ljavafx/event/Event;)Ljavafx/event/Event;+29
j  com.sun.javafx.event.EventHandlerManager.dispatchBubblingEvent(Ljavafx/event/Event;)Ljavafx/event/Event;+8
j  com.sun.javafx.event.CompositeEventDispatcher.dispatchBubblingEvent(Ljavafx/event/Event;)Ljavafx/event/Event;+11
j  com.sun.javafx.event.BasicEventDispatcher.dispatchEvent(Ljavafx/event/Event;Ljavafx/event/EventDispatchChain;)Ljavafx/event/Event;+29
j  com.sun.javafx.event.EventDispatchChainImpl.dispatchEvent(Ljavafx/event/Event;)Ljavafx/event/Event;+69
j  com.sun.javafx.event.BasicEventDispatcher.dispatchEvent(Ljavafx/event/Event;Ljavafx/event/EventDispatchChain;)Ljavafx/event/Event;+17
j  com.sun.javafx.event.EventDispatchChainImpl.dispatchEvent(Ljavafx/event/Event;)Ljavafx/event/Event;+69
j  com.sun.javafx.event.BasicEventDispatcher.dispatchEvent(Ljavafx/event/Event;Ljavafx/event/EventDispatchChain;)Ljavafx/event/Event;+17
j  com.sun.javafx.event.EventDispatchChainImpl.dispatchEvent(Ljavafx/event/Event;)Ljavafx/event/Event;+69
j  com.sun.javafx.event.BasicEventDispatcher.dispatchEvent(Ljavafx/event/Event;Ljavafx/event/EventDispatchChain;)Ljavafx/event/Event;+17
j  com.sun.javafx.event.EventDispatchChainImpl.dispatchEvent(Ljavafx/event/Event;)Ljavafx/event/Event;+69
j  com.sun.javafx.event.BasicEventDispatcher.dispatchEvent(Ljavafx/event/Event;Ljavafx/event/EventDispatchChain;)Ljavafx/event/Event;+17
j  com.sun.javafx.event.EventDispatchChainImpl.dispatchEvent(Ljavafx/event/Event;)Ljavafx/event/Event;+69
j  com.sun.javafx.event.EventUtil.fireEventImpl(Ljavafx/event/EventDispatchChain;Ljavafx/event/EventTarget;Ljavafx/event/Event;)Ljavafx/event/Event;+10
j  com.sun.javafx.event.EventUtil.fireEvent(Ljavafx/event/EventTarget;Ljavafx/event/Event;)Ljavafx/event/Event;+46
j  javafx.event.Event.fireEvent(Ljavafx/event/EventTarget;Ljavafx/event/Event;)V+30
j  javafx.scene.Scene$MouseHandler.process(Ljavafx/scene/input/MouseEvent;Z)V+486
j  javafx.scene.Scene$MouseHandler.process(Ljavafx/scene/input/MouseEvent;)V+3
j  javafx.scene.Scene$MouseHandler.access$1300(Ljavafx/scene/Scene$MouseHandler;Ljavafx/scene/input/MouseEvent;)V+2
j  javafx.scene.Scene.impl_processMouseEvent(Ljavafx/scene/input/MouseEvent;)V+16
j  javafx.scene.Scene$ScenePeerListener.mouseEvent(Ljava/lang/Object;)V+11
j  com.sun.javafx.tk.quantum.GlassViewEventHandler.handleMouseEvent(Lcom/sun/glass/ui/View;JIIIIIIIIZ)V+261
j  com.sun.glass.ui.View.handleMouseEvent(JIIIIIIIIZ)V+30
j  com.sun.glass.ui.View.notifyMouse(IIIIIIIZ)V+182
v  ~StubRoutines::call_stub
j  com.sun.glass.ui.win.WinApplication._runLoop([Ljava/lang/String;Lcom/sun/glass/ui/Launchable;)V+0
j  com.sun.glass.ui.win.WinApplication.access$100(Lcom/sun/glass/ui/win/WinApplication;[Ljava/lang/String;Lcom/sun/glass/ui/Launchable;)V+3
j  com.sun.glass.ui.win.WinApplication$2$1.run()V+32
j  java.lang.Thread.run()V+11
v  ~StubRoutines::call_stub

---------------  P R O C E S S  ---------------

Java Threads: ( => current thread )
  0x0000000007848800 JavaThread "Disposer" daemon [_thread_blocked, id=7344, stack(0x0000000008100000,0x0000000008200000)]
  0x00000000077c2000 JavaThread "Prism Font Disposer" daemon [_thread_blocked, id=5000, stack(0x0000000007ff0000,0x00000000080f0000)]
  0x0000000006163800 JavaThread "Thread-2" daemon [_thread_in_native, id=7756, stack(0x0000000007630000,0x0000000007730000)]
=>0x000000000612e000 JavaThread "JavaFX Application Thread" [_thread_in_native, id=4324, stack(0x0000000007530000,0x0000000007630000)]
  0x000000000612b000 JavaThread "Disposer" daemon [_thread_blocked, id=3244, stack(0x0000000007430000,0x0000000007530000)]
  0x000000000611f800 JavaThread "QuantumRenderer-0" daemon [_thread_blocked, id=4544, stack(0x0000000006fe0000,0x00000000070e0000)]
  0x00000000060bc800 JavaThread "JavaFX-Launcher" [_thread_blocked, id=7320, stack(0x0000000006ee0000,0x0000000006fe0000)]
  0x0000000006074000 JavaThread "Service Thread" daemon [_thread_blocked, id=6992, stack(0x0000000006ce0000,0x0000000006de0000)]
  0x000000000606b000 JavaThread "C2 CompilerThread1" daemon [_thread_blocked, id=2224, stack(0x0000000006be0000,0x0000000006ce0000)]
  0x0000000006066000 JavaThread "C2 CompilerThread0" daemon [_thread_blocked, id=696, stack(0x0000000006ae0000,0x0000000006be0000)]
  0x0000000006065000 JavaThread "Attach Listener" daemon [_thread_blocked, id=2696, stack(0x00000000069e0000,0x0000000006ae0000)]
  0x0000000006061800 JavaThread "Signal Dispatcher" daemon [_thread_blocked, id=5764, stack(0x00000000068e0000,0x00000000069e0000)]
  0x000000000230b800 JavaThread "Finalizer" daemon [_thread_blocked, id=1828, stack(0x00000000067e0000,0x00000000068e0000)]
  0x00000000022e2800 JavaThread "Reference Handler" daemon [_thread_blocked, id=968, stack(0x00000000066e0000,0x00000000067e0000)]
  0x000000000221c800 JavaThread "main" [_thread_blocked, id=4660, stack(0x00000000020a0000,0x00000000021a0000)]

Other Threads:
  0x00000000022dc000 VMThread [stack: 0x00000000065e0000,0x00000000066e0000] [id=3432]
  0x0000000006090000 WatcherThread [stack: 0x0000000006de0000,0x0000000006ee0000] [id=3164]

VM state:not at safepoint (normal execution)

VM Mutex/Monitor currently owned by a thread: None

Heap
 PSYoungGen      total 37632K, used 16174K [0x00000007d60b0000, 0x00000007d8aa0000, 0x0000000800000000)
  eden space 32320K, 50% used [0x00000007d60b0000,0x00000007d707bb98,0x00000007d8040000)
  from space 5312K, 0% used [0x00000007d8570000,0x00000007d8570000,0x00000007d8aa0000)
  to   space 5312K, 0% used [0x00000007d8040000,0x00000007d8040000,0x00000007d8570000)
 PSOldGen        total 85888K, used 0K [0x0000000782200000, 0x00000007875e0000, 0x00000007d60b0000)
  object space 85888K, 0% used [0x0000000782200000,0x0000000782200000,0x00000007875e0000)
 PSPermGen       total 21248K, used 12463K [0x000000077d000000, 0x000000077e4c0000, 0x0000000782200000)
  object space 21248K, 58% used [0x000000077d000000,0x000000077dc2bf68,0x000000077e4c0000)

Code Cache  [0x0000000002320000, 0x0000000002590000, 0x0000000005320000)
 total_blobs=496 nmethods=0 adapters=463 free_code_cache=48594Kb largest_free_block=49760704

Dynamic libraries:
0x000007f6b24b0000 - 0x000007f6b24e3000 	C:\Program Files\Java\jdk1.7.0_03\bin\java.exe
0x000007fbb6770000 - 0x000007fbb692f000 	C:\Windows\SYSTEM32\ntdll.dll
0x000007fbb5f60000 - 0x000007fbb6090000 	C:\Windows\system32\KERNEL32.DLL
0x000007fbb37d0000 - 0x000007fbb38c1000 	C:\Windows\system32\KERNELBASE.dll
0x000007fbb61e0000 - 0x000007fbb62bd000 	C:\Windows\system32\ADVAPI32.dll
0x000007fbb6090000 - 0x000007fbb61da000 	C:\Windows\system32\USER32.dll
0x000007fbad560000 - 0x000007fbad7bf000 	C:\Windows\WinSxS\amd64_microsoft.windows.common-controls_6595b64144ccf1df_6.0.8250.0_none_796cb0f591af69b7\COMCTL32.dll
0x000007fbb4130000 - 0x000007fbb41d5000 	C:\Windows\system32\msvcrt.dll
0x000007fbb3bc0000 - 0x000007fbb3c06000 	C:\Windows\SYSTEM32\sechost.dll
0x000007fbb3df0000 - 0x000007fbb3f23000 	C:\Windows\system32\RPCRT4.dll
0x000007fbb42e0000 - 0x000007fbb441a000 	C:\Windows\system32\GDI32.dll
0x000007fbb3d00000 - 0x000007fbb3d38000 	C:\Windows\system32\IMM32.DLL
0x000007fbb5cc0000 - 0x000007fbb5dd1000 	C:\Windows\system32\MSCTF.dll
0x0000000074b70000 - 0x0000000074c41000 	C:\Program Files\Java\jdk1.7.0_03\jre\bin\msvcr100.dll
0x0000000074490000 - 0x0000000074b6a000 	C:\Program Files\Java\jdk1.7.0_03\jre\bin\server\jvm.dll
0x000007fbabc00000 - 0x000007fbabc09000 	C:\Windows\SYSTEM32\WSOCK32.dll
0x000007fbaa7d0000 - 0x000007fbaa7f1000 	C:\Windows\SYSTEM32\WINMM.dll
0x000007fbb5960000 - 0x000007fbb5967000 	C:\Windows\system32\PSAPI.DLL
0x000007fbb4280000 - 0x000007fbb42d8000 	C:\Windows\system32\WS2_32.dll
0x000007fbaa6c0000 - 0x000007fbaa6f0000 	C:\Windows\SYSTEM32\WINMMBASE.dll
0x000007fbb5970000 - 0x000007fbb5979000 	C:\Windows\system32\NSI.dll
0x0000000074440000 - 0x000000007444f000 	C:\Program Files\Java\jdk1.7.0_03\jre\bin\verify.dll
0x0000000074410000 - 0x0000000074438000 	C:\Program Files\Java\jdk1.7.0_03\jre\bin\java.dll
0x00000000743f0000 - 0x0000000074405000 	C:\Program Files\Java\jdk1.7.0_03\jre\bin\zip.dll
0x0000000074d20000 - 0x0000000074df1000 	C:\Program Files\Oracle\JavaFX 2.0 Runtime\bin\msvcr100.dll
0x000007fba76f0000 - 0x000007fba7701000 	C:\Program Files\Oracle\JavaFX 2.0 Runtime\bin\prism-d3d.dll
0x000007fba28b0000 - 0x000007fba2ab1000 	C:\Windows\system32\d3d9.dll
0x000007fbac130000 - 0x000007fbac13a000 	C:\Windows\SYSTEM32\VERSION.dll
0x000007fbad860000 - 0x000007fbad87e000 	C:\Windows\SYSTEM32\dwmapi.dll
0x000007fbaead0000 - 0x000007fbaeb9c000 	C:\Windows\system32\uxtheme.dll
0x000007fb99de0000 - 0x000007fb9aecf000 	C:\Windows\SYSTEM32\nvd3dumx.dll
0x000007fba5f30000 - 0x000007fba5f5c000 	C:\Program Files\Oracle\JavaFX 2.0 Runtime\bin\mat.dll
0x000007fbb3d40000 - 0x000007fbb3de3000 	C:\Windows\system32\COMDLG32.dll
0x000007fbb5de0000 - 0x000007fbb5f56000 	C:\Windows\system32\ole32.dll
0x000007fbb3c10000 - 0x000007fbb3cd2000 	C:\Windows\system32\OLEAUT32.dll
0x000007fbb5910000 - 0x000007fbb5960000 	C:\Windows\system32\SHLWAPI.dll
0x000007fbb4420000 - 0x000007fbb56e3000 	C:\Windows\system32\SHELL32.dll
0x000007fbb63a0000 - 0x000007fbb6533000 	C:\Windows\SYSTEM32\combase.dll
0x000007fbb28e0000 - 0x000007fbb2957000 	C:\Windows\SYSTEM32\SHCORE.DLL
0x000007fbb35c0000 - 0x000007fbb35c9000 	C:\Windows\SYSTEM32\CRYPTBASE.dll
0x000007fbb3560000 - 0x000007fbb35bb000 	C:\Windows\SYSTEM32\bcryptprimitives.dll
0x000007fba4b50000 - 0x000007fba4b9f000 	C:\Program Files\Oracle\JavaFX 2.0 Runtime\bin\javafx-font.dll
0x000007fba3460000 - 0x000007fba34b5000 	C:\Program Files\Oracle\JavaFX 2.0 Runtime\bin\libxml2.dll
0x0000000073600000 - 0x0000000074171000 	C:\Program Files\Oracle\JavaFX 2.0 Runtime\bin\WebPaneJava.dll
0x000007fbb3060000 - 0x000007fbb307a000 	C:\Windows\SYSTEM32\CRYPTSP.dll
0x000007fbb2d00000 - 0x000007fbb2d47000 	C:\Windows\system32\rsaenh.dll
0x000007fbb41e0000 - 0x000007fbb4275000 	C:\Windows\SYSTEM32\clbcatq.dll
0x000007fbadb90000 - 0x000007fbadd12000 	C:\Windows\SYSTEM32\WindowsCodecs.dll
0x000007fbb36a0000 - 0x000007fbb36b4000 	C:\Windows\SYSTEM32\profapi.dll
0x0000000010000000 - 0x0000000010065000 	C:\Program Files\ThinkPad\Bluetooth Software\btmmhook.dll
0x000007fbb29b0000 - 0x000007fbb29f3000 	C:\Windows\SYSTEM32\powrprof.dll
0x000007fbb5ae0000 - 0x000007fbb5cb1000 	C:\Windows\system32\SETUPAPI.dll
0x000007fbb3b70000 - 0x000007fbb3bbf000 	C:\Windows\system32\CFGMGR32.dll
0x000007fbb3aa0000 - 0x000007fbb3abd000 	C:\Windows\system32\DEVOBJ.dll
0x000007fbaba20000 - 0x000007fbabb7e000 	C:\Windows\system32\propsys.dll
0x000007fbae670000 - 0x000007fbae69f000 	C:\Windows\SYSTEM32\ntmarta.dll
0x000007fba8ed0000 - 0x000007fba8f5d000 	C:\Program Files\Common Files\microsoft shared\ink\tiptsf.dll
0x000007fba5940000 - 0x000007fba5a58000 	C:\Windows\SYSTEM32\UIAutomationCore.DLL
0x000007fba0990000 - 0x000007fba0c50000 	C:\Windows\system32\explorerframe.dll
0x000007fbae1c0000 - 0x000007fbae269000 	C:\Windows\system32\DUser.dll
0x000007fbae270000 - 0x000007fbae419000 	C:\Windows\system32\DUI70.dll
0x000007fbad400000 - 0x000007fbad43d000 	C:\Windows\system32\xmllite.dll
0x000007fb9f140000 - 0x000007fb9f1d2000 	C:\Windows\System32\StructuredQuery.dll
0x000007fba80d0000 - 0x000007fba80db000 	C:\Windows\System32\Secur32.dll
0x000007fbb3530000 - 0x000007fbb355c000 	C:\Windows\System32\SSPICLI.DLL
0x000007fba8830000 - 0x000007fba8a29000 	C:\Windows\System32\actxprxy.dll
0x000007fbac0f0000 - 0x000007fbac122000 	C:\Windows\System32\thumbcache.dll
0x000007fbae6b0000 - 0x000007fbae6b8000 	C:\Windows\system32\IconCodecService.dll
0x000007fba9220000 - 0x000007fba92bd000 	C:\Windows\SYSTEM32\apphelp.dll
0x000007fbab8d0000 - 0x000007fbab909000 	C:\Windows\System32\shdocvw.dll
0x000007fba12a0000 - 0x000007fba12b7000 	C:\Windows\SYSTEM32\MPR.dll
0x000007fbad230000 - 0x000007fbad23b000 	C:\Windows\System32\drprov.dll
0x000007fbb2a70000 - 0x000007fbb2abf000 	C:\Windows\System32\WINSTA.dll
0x000007fba7270000 - 0x000007fba7283000 	C:\Windows\System32\ntlanman.dll
0x000007fba4b30000 - 0x000007fba4b4d000 	C:\Windows\System32\davclnt.dll
0x000007fbac3e0000 - 0x000007fbac3ea000 	C:\Windows\System32\DAVHLPR.dll
0x000007fbad160000 - 0x000007fbad175000 	C:\Windows\SYSTEM32\wkscli.dll
0x000007fba80b0000 - 0x000007fba80c2000 	C:\Windows\SYSTEM32\cscapi.dll
0x000007fbb2ac0000 - 0x000007fbb2acd000 	C:\Windows\SYSTEM32\netutils.dll
0x000007fba5b50000 - 0x000007fba5cec000 	C:\Windows\system32\NetworkExplorer.dll
0x000007fba9300000 - 0x000007fba941b000 	C:\Windows\System32\Windows.Media.Streaming.dll
0x000007fba98d0000 - 0x000007fba990f000 	C:\Windows\System32\Windows.Media.Streaming.ps.dll
0x000007fbac5c0000 - 0x000007fbac5ec000 	C:\Windows\System32\IDStore.dll
0x000007fbabb80000 - 0x000007fbabb9d000 	C:\Windows\SYSTEM32\SAMLIB.dll
0x000007fbad480000 - 0x000007fbad48f000 	C:\Windows\System32\DevDispItemProvider.dll
0x000007fbac140000 - 0x000007fbac14c000 	C:\Windows\SYSTEM32\LINKINFO.dll
0x000007fb9edf0000 - 0x000007fb9eed1000 	C:\Windows\system32\SearchFolder.dll
0x000007fba6f60000 - 0x000007fba6fb5000 	C:\Windows\System32\wlidprov.dll
0x000007fbb38d0000 - 0x000007fbb3a9d000 	C:\Windows\system32\CRYPT32.dll
0x000007fbb3750000 - 0x000007fbb3766000 	C:\Windows\system32\MSASN1.dll
0x000007fbab440000 - 0x000007fbab46b000 	C:\Windows\SYSTEM32\IPHLPAPI.DLL
0x000007fbab410000 - 0x000007fbab41b000 	C:\Windows\SYSTEM32\WINNSI.DLL
0x000007fbaaff0000 - 0x000007fbab003000 	C:\Windows\SYSTEM32\dhcpcsvc6.DLL
0x000007fbab030000 - 0x000007fbab048000 	C:\Windows\SYSTEM32\dhcpcsvc.DLL
0x000007fba4100000 - 0x000007fba4129000 	C:\Windows\System32\netprofm.dll
0x000007fba3100000 - 0x000007fba310d000 	C:\Windows\System32\npmproxy.dll
0x000007fba3040000 - 0x000007fba30d9000 	C:\Windows\System32\PortableDeviceApi.dll
0x000007fbb3770000 - 0x000007fbb37c2000 	C:\Windows\system32\WINTRUST.dll
0x000007fba92c0000 - 0x000007fba92f6000 	C:\Windows\System32\EhStorShell.dll
0x000007fbabc70000 - 0x000007fbabc94000 	C:\Windows\System32\EhStorAPI.dll
0x000007fbb2960000 - 0x000007fbb2971000 	C:\Windows\System32\WTSAPI32.dll
0x000007fba3d60000 - 0x000007fba3e16000 	C:\Windows\SYSTEM32\ntshrui.dll
0x000007fbb3360000 - 0x000007fbb3384000 	C:\Windows\SYSTEM32\srvcli.dll
0x00000000752b0000 - 0x00000000752c6000 	C:\Program Files\Common Files\TortoiseOverlays\TortoiseOverlays.dll
0x0000000180000000 - 0x000000018007b000 	C:\Program Files\TortoiseHg\ThgShellx64.dll
0x000007fb9e610000 - 0x000007fb9e8cc000 	C:\Windows\SYSTEM32\msi.dll
0x000000000f4f0000 - 0x000000000f50c000 	C:\Users\Jesse\AppData\Roaming\Dropbox\bin\DropboxExt64.14.dll
0x000007fba8c10000 - 0x000007fba8d71000 	C:\Windows\SYSTEM32\dbghelp.dll
0x000007fba3210000 - 0x000007fba329f000 	C:\Windows\SYSTEM32\msvcp60.dll
0x000007fba5480000 - 0x000007fba551d000 	C:\Windows\System32\cscui.dll
0x000007fbac0e0000 - 0x000007fbac0ec000 	C:\Windows\System32\CSCDLL.dll

VM Arguments:
jvm_args: -Xbootclasspath/p:C:\Program Files\Oracle\JavaFX 2.0 Runtime\lib\jfxrt.jar;C:\Program Files\Oracle\JavaFX 2.0 Runtime\lib\deploy.jar;C:\Program Files\Oracle\JavaFX 2.0 Runtime\lib\javaws.jar;C:\Program Files\Oracle\JavaFX 2.0 Runtime\lib\plugin.jar -Dfile.encoding=UTF-8 -Xint 
java_command: com.javafx.main.Main
Launcher Type: SUN_STANDARD

Environment Variables:
PATH=C:\Program Files (x86)\NVIDIA Corporation\PhysX\Common;C:\Windows\system32;C:\Windows;C:\Windows\System32\Wbem;C:\Windows\System32\WindowsPowerShell\v1.0\;C:\Program Files (x86)\Microsoft ASP.NET\ASP.NET Web Pages\v1.0\;c:\Program Files (x86)\Microsoft SQL Server\100\Tools\Binn\VSShell\Common7\IDE\;c:\Program Files (x86)\Microsoft SQL Server\100\Tools\Binn\;c:\Program Files\Microsoft SQL Server\100\Tools\Binn\;c:\Program Files (x86)\Microsoft SQL Server\100\DTS\Binn\;c:\Program Files\Microsoft SQL Server\100\DTS\Binn\;C:\Program Files\ThinkPad\Bluetooth Software\;C:\Program Files\ThinkPad\Bluetooth Software\syswow64;C:\Program Files\TortoiseHg\;C:\Program Files (x86)\Windows Live\Shared;C:\Program Files\Microsoft SQL Server\110\Tools\Binn\;C:\Program Files (x86)\Calibre2\
USERNAME=Jesse
OS=Windows_NT
PROCESSOR_IDENTIFIER=Intel64 Family 6 Model 37 Stepping 5, GenuineIntel



---------------  S Y S T E M  ---------------

OS: Windows NT 6.2 Build 8250 

CPU:total 4 (2 cores per cpu, 2 threads per core) family 6 model 37 stepping 5, cmov, cx8, fxsr, mmx, sse, sse2, sse3, ssse3, sse4.1, sse4.2, popcnt, ht

Memory: 4k page, physical 8244904k(5625572k free), swap 16633512k(13326948k free)

vm_info: Java HotSpot(TM) 64-Bit Server VM (22.1-b02) for windows-amd64 JRE (1.7.0_03-b05), built on Feb  3 2012 20:43:56 by "java_re" with unknown MS VC++:1600

time: Tue Apr 10 12:46:45 2012
elapsed time: 13 seconds

